d:\demo\demo\debug\imain.obj
d:\demo\demo\debug\vc100.pdb
c:\users\user\downloads\demo\demo\demo\debug\imain.obj
c:\users\user\downloads\demo\demo\demo\debug\vc100.pdb
c:\users\user\downloads\demo2\demo\demo\demo\debug\imain.obj
c:\users\user\downloads\demo2\demo\demo\demo\debug\vc100.pdb
d:\demo\debug\demo.ilk
d:\demo\debug\demo.exe
d:\demo\demo\debug\demo.exe.intermediate.manifest
d:\demo\debug\demo.pdb
c:\users\user\downloads\demo\demo\debug\demo.ilk
c:\users\user\downloads\demo\demo\debug\demo.exe
c:\users\user\downloads\demo\demo\demo\debug\demo.exe.intermediate.manifest
c:\users\user\downloads\demo\demo\debug\demo.pdb
c:\users\user\downloads\demo2\demo\demo\debug\demo.ilk
c:\users\user\downloads\demo2\demo\demo\debug\demo.exe
c:\users\user\downloads\demo2\demo\demo\demo\debug\demo.exe.intermediate.manifest
c:\users\user\downloads\demo2\demo\demo\debug\demo.pdb
c:\users\msi\documents\visual studio 2013\projects\project10\project10\debug\vc120.pdb
c:\users\msi\documents\visual studio 2013\projects\project10\project10\debug\vc120.idb
c:\users\msi\documents\visual studio 2013\projects\project10\debug\project10.ilk
c:\users\msi\documents\visual studio 2013\projects\project10\debug\project10.exe
c:\users\msi\documents\visual studio 2013\projects\project10\debug\project10.pdb
c:\users\msi\documents\visual studio 2013\projects\project10\project10\debug\demo.vcxprojresolveassemblyreference.cache
c:\users\msi\documents\visual studio 2013\projects\project10\project10\debug\cl.command.1.tlog
c:\users\msi\documents\visual studio 2013\projects\project10\project10\debug\cl.read.1.tlog
c:\users\msi\documents\visual studio 2013\projects\project10\project10\debug\cl.write.1.tlog
c:\users\msi\documents\visual studio 2013\projects\project10\project10\debug\demo.write.1.tlog
c:\users\msi\documents\visual studio 2013\projects\project10\project10\debug\link.command.1.tlog
c:\users\msi\documents\visual studio 2013\projects\project10\project10\debug\link.read.1.tlog
c:\users\msi\documents\visual studio 2013\projects\project10\project10\debug\link.write.1.tlog
c:\users\msi\documents\visual studio 2013\projects\project10\project10\debug\mt.command.1.tlog
c:\users\msi\documents\visual studio 2013\projects\project10\project10\debug\mt.read.1.tlog
c:\users\msi\documents\visual studio 2013\projects\project10\project10\debug\mt.write.1.tlog
c:\users\msi\documents\visual studio 2013\projects\project10\project10\debug\demo.exe.intermediate.manifest
c:\users\msi\documents\visual studio 2013\projects\project10\project10\debug\vc100.idb
c:\users\msi\documents\visual studio 2013\projects\project10\project10\debug\vc100.pdb
c:\users\msi\documents\visual studio 2013\projects\project10\project10\debug\project10.tlog\cl.command.1.tlog
c:\users\msi\documents\visual studio 2013\projects\project10\project10\debug\project10.tlog\cl.read.1.tlog
c:\users\msi\documents\visual studio 2013\projects\project10\project10\debug\project10.tlog\cl.write.1.tlog
c:\users\msi\documents\visual studio 2013\projects\project10\project10\debug\project10.tlog\link.command.1.tlog
c:\users\msi\documents\visual studio 2013\projects\project10\project10\debug\project10.tlog\link.read.1.tlog
c:\users\msi\documents\visual studio 2013\projects\project10\project10\debug\project10.tlog\link.write.1.tlog
